tv/build/intermediates/manifest_merge_blame_file/debug/manifest-merger-blame-debug-report.txt
1<?xml version="1.0" encoding="utf-8"?>
2<manifest xmlns:android="http://schemas.android.com/apk/res/android"
3    package="com.enn.lk_tv"
4    android:versionCode="1"
5    android:versionName="1.0" >
6
7    <uses-sdk
8        android:minSdkVersion="24"
8-->src\main\AndroidManifest.xml
9        android:targetSdkVersion="30" />
9-->src\main\AndroidManifest.xml
10
11    <uses-permission
11-->src\main\AndroidManifest.xml:5:5-7:62
12        android:name="android.permission.ACCESS_WIFI_STATE"
12-->src\main\AndroidManifest.xml:7:9-60
13        android:required="true" />
13-->src\main\AndroidManifest.xml:6:9-32
14    <uses-permission
14-->src\main\AndroidManifest.xml:8:5-10:62
15        android:name="android.permission.CHANGE_WIFI_STATE"
15-->src\main\AndroidManifest.xml:10:9-60
16        android:required="true" />
16-->src\main\AndroidManifest.xml:9:9-32
17    <uses-permission
17-->src\main\AndroidManifest.xml:11:5-13:65
18        android:name="android.permission.ACCESS_FINE_LOCATION"
18-->src\main\AndroidManifest.xml:13:9-63
19        android:required="true" />
19-->src\main\AndroidManifest.xml:12:9-32
20    <uses-permission
20-->src\main\AndroidManifest.xml:14:5-16:53
21        android:name="android.permission.INTERNET"
21-->src\main\AndroidManifest.xml:16:9-51
22        android:required="true" />
22-->src\main\AndroidManifest.xml:15:9-32
23
24    <application
24-->src\main\AndroidManifest.xml:19:5-33:19
25        android:allowBackup="true"
25-->src\main\AndroidManifest.xml:20:9-35
26        android:appComponentFactory="androidx.core.app.CoreComponentFactory"
26-->[androidx.core:core:1.3.1] AndroidManifest.xml:24:18-86
27        android:debuggable="true"
28        android:extractNativeLibs="false"
29        android:icon="@mipmap/ic_launcher"
29-->src\main\AndroidManifest.xml:21:9-43
30        android:label="@string/app_name"
30-->src\main\AndroidManifest.xml:22:9-41
31        android:roundIcon="@mipmap/ic_launcher_round"
31-->src\main\AndroidManifest.xml:23:9-54
32        android:supportsRtl="true"
32-->src\main\AndroidManifest.xml:24:9-35
33        android:testOnly="true"
34        android:theme="@style/Theme.LK_TV" >
34-->src\main\AndroidManifest.xml:25:9-43
35        <activity android:name="com.enn.lk_tv.MainActivity" >
35-->src\main\AndroidManifest.xml:26:9-32:20
35-->src\main\AndroidManifest.xml:26:19-47
36            <intent-filter>
36-->src\main\AndroidManifest.xml:27:13-31:29
37                <action android:name="android.intent.action.MAIN" />
37-->src\main\AndroidManifest.xml:28:17-69
37-->src\main\AndroidManifest.xml:28:25-66
38
39                <category android:name="android.intent.category.LAUNCHER" />
39-->src\main\AndroidManifest.xml:30:17-77
39-->src\main\AndroidManifest.xml:30:27-74
40            </intent-filter>
41        </activity>
42    </application>
43
44</manifest>